[1130/154925.612:ERROR:broker_win.cc(137)] Error sending sync broker message: The pipe is being closed. (0xE8)
[1130/154925.613:ERROR:broker_win.cc(137)] Error sending sync broker message: The pipe is being closed. (0xE8)
[1130/155356.191:ERROR:shader_disk_cache.cc(258)] Failed to create shader cache entry: -2
[1130/155402.309:INFO:CONSOLE(0)] "HTML Imports is deprecated and will be removed in M73, around March 2019. Please use ES modules instead. See https://www.chromestatus.com/features/5144752345317376 for more details.", source:  (0)
[1130/155405.382:INFO:CONSOLE(0)] "Refused to display 'https://accounts.google.com/ServiceLogin?continue=https%3A%2F%2Fwww.youtube.com%2Fsignin%3Faction_handle_signin%3Dtrue%26next%3D%252Fsignin_passive%26app%3Ddesktop%26feature%3Dpassive%26hl%3Den&passive=true&service=youtube&hl=en&uilel=3' in a frame because it set 'X-Frame-Options' to 'deny'.", source: https://www.youtube.com/ (0)
[1130/155407.109:INFO:CONSOLE(15)] "chrome.loadTimes() is deprecated, instead use standardized API: nextHopProtocol in Navigation Timing 2. https://www.chromestatus.com/features/5637885046816768.", source: https://www.youtube.com/yts/jsbin/network-vflX047bV/network.js (15)
[1130/155410.376:INFO:CONSOLE(0)] "The resource https://i.ytimg.com/generate_204 was preloaded using link preload but not used within a few seconds from the window's load event. Please make sure it has an appropriate `as` value and it is preloaded intentionally.", source:  (0)
[1130/155446.972:WARNING:angle_platform_impl.cc(52)] compileToBinary(259): 
C:\fakepath(75,10-54): warning X3571: pow(f, e) will not work for negative f, use abs(f) or conditionally handle negative values if you expect them
C:\fakepath(97,10-54): warning X3571: pow(f, e) will not work for negative f, use abs(f) or conditionally handle negative values if you expect them

[1130/155746.900:ERROR:browser_process_sub_thread.cc(221)] Waited 28 ms for network service
[1130/165829.718:ERROR:browser_process_sub_thread.cc(221)] Waited 17 ms for network service
[1130/171040.886:ERROR:browser_process_sub_thread.cc(221)] Waited 18 ms for network service
[1130/171320.420:ERROR:browser_process_sub_thread.cc(221)] Waited 23 ms for network service
[1130/171341.269:ERROR:browser_process_sub_thread.cc(221)] Waited 16 ms for network service
[1130/172308.767:INFO:CONSOLE(1)] "Uncaught ReferenceError: getElementById is not defined", source: about:blank (1)
[1130/172317.668:ERROR:broker_win.cc(55)] Error reading broker pipe: The pipe has been ended. (0x6D)
[1130/172317.669:ERROR:command_buffer_proxy_impl.cc(94)] ContextResult::kFatalFailure: AllocateAndMapSharedMemory failed
[1130/172341.079:INFO:CONSOLE(1)] "Uncaught ReferenceError: getElementById is not defined", source: about:blank (1)
[1130/172413.570:INFO:CONSOLE(1)] "Uncaught ReferenceError: elemScript is not defined", source: about:blank (1)
[1130/172540.858:ERROR:broker_win.cc(55)] Error reading broker pipe: The pipe has been ended. (0x6D)
[1130/172540.859:ERROR:command_buffer_proxy_impl.cc(94)] ContextResult::kFatalFailure: AllocateAndMapSharedMemory failed
[1130/182647.893:INFO:CONSOLE(1)] "Uncaught SyntaxError: Illegal return statement", source: about:blank (1)
[1130/183423.663:INFO:CONSOLE(1)] "Uncaught ReferenceError: elemScript is not defined", source: about:blank (1)
[1130/191049.506:INFO:CONSOLE(1)] "Uncaught ReferenceError: elemScript is not defined", source: about:blank (1)
[1130/191147.854:INFO:CONSOLE(1)] "Uncaught ReferenceError: elemScript is not defined", source: about:blank (1)
[1130/201050.972:ERROR:broker_win.cc(55)] Error reading broker pipe: The pipe has been ended. (0x6D)
[1130/201556.018:INFO:CONSOLE(1)] "Uncaught SyntaxError: Illegal return statement", source: about:blank (1)
[1130/202152.947:INFO:CONSOLE(1)] "Uncaught TypeError: document.getElementsById is not a function", source: about:blank (1)
[1130/203349.662:INFO:CONSOLE(1)] "Uncaught TypeError: document.body.getElementById is not a function", source: about:blank (1)
[1130/203421.123:ERROR:broker_win.cc(55)] Error reading broker pipe: The pipe has been ended. (0x6D)
[1130/203421.124:ERROR:command_buffer_proxy_impl.cc(94)] ContextResult::kFatalFailure: AllocateAndMapSharedMemory failed
[1130/203751.190:INFO:CONSOLE(1)] "Uncaught SyntaxError: Unexpected token ;", source: about:blank (1)
[1130/203803.201:ERROR:broker_win.cc(55)] Error reading broker pipe: The pipe has been ended. (0x6D)
[1130/203803.202:ERROR:command_buffer_proxy_impl.cc(94)] ContextResult::kFatalFailure: AllocateAndMapSharedMemory failed
[1130/205743.359:ERROR:broker_win.cc(55)] Error reading broker pipe: The pipe has been ended. (0x6D)
[1130/205743.361:ERROR:command_buffer_proxy_impl.cc(94)] ContextResult::kFatalFailure: AllocateAndMapSharedMemory failed
[1130/213824.583:ERROR:broker_win.cc(55)] Error reading broker pipe: The pipe has been ended. (0x6D)
[1130/214000.014:ERROR:broker_win.cc(55)] Error reading broker pipe: The pipe has been ended. (0x6D)
[1130/214000.015:ERROR:command_buffer_proxy_impl.cc(94)] ContextResult::kFatalFailure: AllocateAndMapSharedMemory failed
[1201/014958.372:INFO:CONSOLE(5)] "Uncaught SyntaxError: Unexpected token ...", source: about:blank (5)
[1201/015021.963:INFO:CONSOLE(5)] "Uncaught TypeError: object is not iterable (cannot read property Symbol(Symbol.iterator))", source: about:blank (5)
